  task3.c
c:\git\work5\3\task3.c(37): warning C4244: функция: преобразование "time_t" в "unsigned int", возможна потеря данных
c:\git\work5\3\task3.c(43): warning C4047: =: "char *" отличается по уровням косвенного обращения от "char"
c:\git\work5\3\task3.c(45): warning C4047: =: "char" отличается по уровням косвенного обращения от "char *"
c:\git\work5\3\task3.c(52): warning C4028: формальный параметр 2 отличается от объявления
c:\git\work5\3\task3.c(82): warning C4244: функция: преобразование "time_t" в "unsigned int", возможна потеря данных
c:\git\work5\3\task3.c(93): warning C4047: функция: "char *" отличается по уровням косвенного обращения от "char **"
c:\git\work5\3\task3.c(93): warning C4024: strcpy: различные типы для формального и фактического параметров 1
c:\git\work5\3\task3.c(94): warning C4047: return: "char *" отличается по уровням косвенного обращения от "char **"
  main3.c
c:\git\work5\3\main3.c(28): warning C4047: функция: "char *" отличается по уровням косвенного обращения от "char *[512]"
c:\git\work5\3\main3.c(28): warning C4024: mixLine: различные типы для формального и фактического параметров 2
c:\git\work5\3\main3.c(30): warning C4047: !=: "int" отличается по уровням косвенного обращения от "void *"
c:\git\work5\3\main3.c(32): warning C4047: функция: "char *" отличается по уровням косвенного обращения от "char"
c:\git\work5\3\main3.c(32): warning C4024: mixChars: различные типы для формального и фактического параметров 1
c:\git\work5\3\main3.c(32): warning C4047: функция: "char *" отличается по уровням косвенного обращения от "char *[512]"
c:\git\work5\3\main3.c(32): warning C4024: mixChars: различные типы для формального и фактического параметров 2
c:\git\work5\3\main3.c(33): warning C4047: !=: "int" отличается по уровням косвенного обращения от "void *"
c:\git\work5\3\main3.c(22): warning C4477: "printf": в строке форматирования "%s" требуется аргумент типа "char *", но вариативный аргумент "1" имеет тип "FILE *"
c:\git\work5\3\main3.c(38): warning C4477: "printf": в строке форматирования "%c" требуется аргумент типа "int", но вариативный аргумент "1" имеет тип "char *"
c:\git\work5\3\main3.c(14): warning C4101: collectString: неиспользованная локальная переменная
c:\git\work5\3\main3.c(15): warning C4101: check: неиспользованная локальная переменная
c:\git\work5\3\main3.c(9): warning C4101: in: неиспользованная локальная переменная
  Создание кода...
  3.vcxproj -> C:\git\work5\Debug\3.exe
  3.vcxproj -> C:\git\work5\Debug\3.pdb (Partial PDB)
